  serverMain.cpp
c:\dev\copyingcrazyarcadenet\crazyarcadeserver\src\lib\socketaddress.h(7): warning C4244: '인수': 'uint64_t'에서 'u_long'(으)로 변환하면서 데이터가 손실될 수 있습니다.
c:\dev\copyingcrazyarcadenet\crazyarcadeserver\src\lib\socketaddress.h(33): warning C4244: 'return': 'uint64_t'에서 'size_t'(으)로 변환하면서 데이터가 손실될 수 있습니다.
c:\dev\copyingcrazyarcadenet\crazyarcadeserver\src\lib\byteswap.h(113): warning C4477: 'printf' : 서식 문자열 '%x'에 'unsigned int' 형식의 인수가 필요하지만 variadic 인수 1의 형식이 'tTo'입니다.
          with
          [
              tTo=uint64_t
          ]
  c:\dev\copyingcrazyarcadenet\crazyarcadeserver\src\lib\byteswap.h(113): note: 서식 문자열에서 '%llx'을(를) 사용하는 것이 좋습니다.
  c:\dev\copyingcrazyarcadenet\crazyarcadeserver\src\lib\byteswap.h(113): note: 서식 문자열에서 '%I64x'을(를) 사용하는 것이 좋습니다.
c:\dev\copyingcrazyarcadenet\crazyarcadeserver\src\lib\byteswap.h(113): warning C4477: 'printf' : 서식 문자열 '%x'에 'unsigned int' 형식의 인수가 필요하지만 variadic 인수 2의 형식이 'tTo'입니다.
          with
          [
              tTo=uint64_t
          ]
  c:\dev\copyingcrazyarcadenet\crazyarcadeserver\src\lib\byteswap.h(113): note: 서식 문자열에서 '%llx'을(를) 사용하는 것이 좋습니다.
  c:\dev\copyingcrazyarcadenet\crazyarcadeserver\src\lib\byteswap.h(113): note: 서식 문자열에서 '%I64x'을(를) 사용하는 것이 좋습니다.
c:\dev\copyingcrazyarcadenet\crazyarcadeserver\src\server\servermain.cpp(32): warning C4244: '인수': 'uint64_t'에서 'size_t'(으)로 변환하면서 데이터가 손실될 수 있습니다.
c:\dev\copyingcrazyarcadenet\crazyarcadeserver\src\server\servermain.cpp(33): warning C4244: '인수': 'uint64_t'에서 'size_t'(으)로 변환하면서 데이터가 손실될 수 있습니다.
c:\dev\copyingcrazyarcadenet\crazyarcadeserver\src\server\servermain.cpp(76): warning C4244: '인수': 'time_t'에서 'unsigned int'(으)로 변환하면서 데이터가 손실될 수 있습니다.
c:\dev\copyingcrazyarcadenet\crazyarcadeserver\src\server\servermain.cpp(66): warning C4101: 'fac' :참조되지 않은 지역 변수입니다.
  CrazyArcadeServer.vcxproj -> C:\Dev\CopyingCrazyArcadeNet\Debug\CrazyArcadeServer.exe
